  running with  final_state = nn
                ipart*_in   =            5           7
                isquark*    =            9           9
                ii          =           -1
  INIT_IFAST: first term summing squarks            0
   1      0.61006304      0.3756E-02      0.61006304      0.3756E-02   0.000    
   2      0.61185689      0.1853E-02      0.61150749      0.1660E-02  0.1831    
   3      0.60886888      0.1738E-02      0.61025308      0.1201E-02  0.6935    
   4      0.61167295      0.2059E-02      0.61061478      0.1038E-02  0.5803    
   1      0.61026896      0.7650E-03      0.61026896      0.7650E-03   0.000    
   2      0.60967565      0.7791E-03      0.60997803      0.5459E-03  0.2952    
   3      0.61036908      0.8264E-03      0.61009691      0.4555E-03  0.2255    
   4      0.61055784      0.7914E-03      0.61021174      0.3948E-03  0.2353    
  MAIN: check number attempts stopped early            0
                ii          =            0
   1      0.59937818      0.7707E-03      0.59937818      0.7707E-03   0.000    
   2      0.59845847      0.7809E-03      0.59892510      0.5485E-03  0.7027    
   3      0.59945187      0.8347E-03      0.59908416      0.4584E-03  0.4903    
  MAIN: check number attempts stopped early            0
                ii          =            1
   1      0.65039133      0.7207E-03      0.65039133      0.7207E-03   0.000    
   2      0.64948934      0.8160E-03      0.64999670      0.5401E-03  0.6863    
   3      0.65045036      0.8969E-03      0.65011757      0.4627E-03  0.4369    
  MAIN: check number attempts stopped early            0
                ii          =            2
   1     -0.48342479E-01  0.1074E-03     -0.48342479E-01  0.1074E-03   0.000    
   2     -0.48222482E-01  0.1092E-03     -0.48283629E-01  0.7655E-04  0.6141    
   3     -0.48442151E-01  0.1112E-03     -0.48334826E-01  0.6306E-04  0.9973    
  MAIN: check number attempts stopped early            0
                ii          =            3
  INIT_IFAST: new number of dimensions              3           6           3
   1     -0.59107867E-02  0.9290E-04     -0.59107867E-02  0.9290E-04   0.000    
   2     -0.59577103E-02  0.8395E-04     -0.59367994E-02  0.6226E-04  0.1403    
   3     -0.58633331E-02  0.5636E-04     -0.58968561E-02  0.4189E-04  0.4522    
   4     -0.58969941E-02  0.4106E-04     -0.58969263E-02  0.2934E-04  0.3018    
   1     -0.59303320E-02  0.1448E-04     -0.59303320E-02  0.1448E-04   0.000    
   2     -0.59383722E-02  0.1341E-04     -0.59346659E-02  0.9838E-05  0.1660    
   3     -0.59139804E-02  0.1389E-04     -0.59277878E-02  0.8029E-05  0.8198    
   4     -0.59223468E-02  0.1382E-04     -0.59264170E-02  0.6942E-05  0.5854    
   5     -0.59190452E-02  0.1446E-04     -0.59250385E-02  0.6258E-05  0.4920    
   6     -0.59154608E-02  0.1402E-04     -0.59234506E-02  0.5714E-05  0.4715    
  MAIN: check number attempts stopped early            0
                ii          =            4
  INIT_IFAST: new number of dimensions              4           4           6
   1      0.16343882      0.2860E-02      0.16343882      0.2860E-02   0.000    
   2      0.16293196      0.6025E-03      0.16295362      0.5904E-03  0.3016E-01
   3      0.16421356      0.3931E-03      0.16382989      0.3265E-03   1.592    
   4      0.16417089      0.4307E-03      0.16395496      0.2600E-03   1.193    
   1      0.16419452      0.8918E-04      0.16419452      0.8918E-04   0.000    
   2      0.16398620      0.9079E-04      0.16409236      0.6362E-04   2.680    
   3      0.16412898      0.9198E-04      0.16410421      0.5232E-04   1.393    
   4      0.16422530      0.9095E-04      0.16413436      0.4535E-04   1.373    
   5      0.16417912      0.9064E-04      0.16414333      0.4056E-04   1.078    
   6      0.16406586      0.9152E-04      0.16413062      0.3708E-04  0.9824    
  MAIN: check number attempts stopped early            0
                ii          =            5
   1     -0.36217831E-01  0.1160E-03     -0.36217831E-01  0.1160E-03   0.000    
   2     -0.36149855E-01  0.7506E-04     -0.36169974E-01  0.6304E-04  0.2423    
   3     -0.36154179E-01  0.6557E-04     -0.36162394E-01  0.4545E-04  0.1363    
  MAIN: check number attempts stopped early            0
                ii          =            6
  INIT_IFAST: new number of dimensions              6           6           4
   1     -0.13219434E-01  0.4205E-02     -0.13219434E-01  0.4205E-02   0.000    
   2     -0.12963433E-01  0.2013E-02     -0.13012691E-01  0.1827E-02  0.3052E-02
   3     -0.13134439E-01  0.1110E-02     -0.13101757E-01  0.9475E-03  0.3144E-02
   4     -0.11838976E-01  0.7909E-03     -0.12420638E-01  0.6281E-03  0.3369    
   1     -0.12243196E-01  0.3310E-03     -0.12243196E-01  0.3310E-03   0.000    
   2     -0.12845909E-01  0.2852E-03     -0.12603215E-01  0.2153E-03   1.885    
   3     -0.12738936E-01  0.2487E-03     -0.12662361E-01  0.1625E-03   1.019    
   4     -0.12430487E-01  0.2457E-03     -0.12593200E-01  0.1357E-03  0.8879    
   5     -0.12017393E-01  0.2779E-03     -0.12490176E-01  0.1219E-03   1.497    
   6     -0.12368838E-01  0.2866E-03     -0.12471819E-01  0.1121E-03   1.231    
  MAIN: check number attempts stopped early            0
                ii          =            7
   1      0.31235810E-01  0.1540E-03      0.31235810E-01  0.1540E-03   0.000    
   2      0.31412080E-01  0.1382E-03      0.31333917E-01  0.1028E-03  0.7252    
   3      0.31364835E-01  0.1070E-03      0.31348778E-01  0.7414E-04  0.3840    
  MAIN: check number attempts stopped early            0
                ii          =            8
   1      0.52932963E-02  0.1125E-03      0.52932963E-02  0.1125E-03   0.000    
   2      0.51375516E-02  0.4322E-04      0.51586377E-02  0.4080E-04   1.705    
   3      0.51952587E-02  0.3481E-04      0.51797596E-02  0.2651E-04   1.088    
  MAIN: check number attempts stopped early            0
                ii          =            9
   1      0.57597592E-02  0.1709E-03      0.57597592E-02  0.1709E-03   0.000    
   2      0.55965219E-02  0.6098E-04      0.56159221E-02  0.5809E-04  0.8270    
   3      0.60382087E-02  0.3295E-03      0.56302599E-02  0.5832E-04   1.256    
  MAIN: check number attempts stopped early            0
                ii          =           10
   1      0.50968745E-03  0.4851E-04      0.50968745E-03  0.4851E-04   0.000    
   2      0.53117623E-03  0.3344E-04      0.52463386E-03  0.2733E-04  0.1309    
   3      0.48795393E-03  0.2267E-04      0.50406320E-03  0.1774E-04  0.5944    
  MAIN: check number attempts stopped early            0
                ii          =           11
   1     -0.32681551E-04  0.9037E-05     -0.32681551E-04  0.9037E-05   0.000    
   2     -0.37926774E-04  0.4694E-05     -0.37051415E-04  0.3999E-05  0.2392    
   3     -0.39798384E-04  0.4213E-05     -0.38514020E-04  0.2852E-05  0.2254    
  MAIN: check number attempts stopped early            0
